#
# A fatal error has been detected by the Java Runtime Environment:
#
#  EXCEPTION_ACCESS_VIOLATION (0xc0000005) at pc=0x000000006b4e3e67, pid=9532, tid=0x0000000000001490
#
# JRE version: Java(TM) SE Runtime Environment (8.0_162-b12) (build 1.8.0_162-b12)
# Java VM: Java HotSpot(TM) 64-Bit Server VM (25.162-b12 mixed mode windows-amd64 compressed oops)
# Problematic frame:
# V  [jvm.dll+0x213e67]
#
# Failed to write core dump. Minidumps are not enabled by default on client versions of Windows
#
# If you would like to submit a bug report, please visit:
#   http://bugreport.java.com/bugreport/crash.jsp
#

---------------  T H R E A D  ---------------

Current thread (0x000000001e3d0800):  JavaThread "Thread-7" [_thread_in_vm, id=5264, stack(0x000000001ceb0000,0x000000001cfb0000)]

siginfo: ExceptionCode=0xc0000005, writing address 0x000000001cfab8d0

Registers:
RAX=0x000000001cfab8d0, RBX=0x0000000000000005, RCX=0x0000000000004000, RDX=0x0000000000000006
RSP=0x000000001cfaf8d0, RBP=0x0000000000000000, RSI=0x000000001cfaf8d0, RDI=0x0000000000000005
R8 =0x0000000000000006, R9 =0x0000000019ee8070, R10=0x0000000016e0f268, R11=0x000000001ceba168
R12=0x0000000019ee8070, R13=0x000000001e3d0800, R14=0x000000001cfaf998, R15=0x0000000016e0f268
RIP=0x000000006b4e3e67, EFLAGS=0x0000000000010202

Top of Stack: (sp=0x000000001cfaf8d0)
0x000000001cfaf8d0:   00007ffc705a2ecd 00000001000069a0
0x000000001cfaf8e0:   000000001e3d0800 0000000019ee8070
0x000000001cfaf8f0:   00000000ffffffff 000000006b4e4d97
0x000000001cfaf900:   000000001cfafa00 0000000016e0f268
0x000000001cfaf910:   000000001e3d0800 000000006b390483
0x000000001cfaf920:   000000001cfaf960 000000001e3d0800
0x000000001cfaf930:   000000001cfaf9f0 000000001e3d0800
0x000000001cfaf940:   0000000016e0f268 000000001e3d0800
0x000000001cfaf950:   0000000002573be0 000000001e3d0800
0x000000001cfaf960:   0000000016e0f268 000000001e3d0800
0x000000001cfaf970:   00000000167cd4c0 000000001e3d0800
0x000000001cfaf980:   0000000000000001 0000000016e0f268
0x000000001cfaf990:   000000001e3d0800 00000000221abe70
0x000000001cfaf9a0:   000000001e3d0800 000000006b391bed
0x000000001cfaf9b0:   000000001cfafcb8 00000001000069a0
0x000000001cfaf9c0:   00000001000e2f40 0000000000000000 

Instructions: (pc=0x000000006b4e3e67)
0x000000006b4e3e47:   48 89 6c 24 30 33 ed 66 90 e8 ab 3f 08 00 ff c3
0x000000006b4e3e57:   48 63 c8 48 8b c6 48 0f af cf 48 ff c7 48 2b c1
0x000000006b4e3e67:   89 28 48 63 c3 48 3b 05 65 68 59 00 7e db 48 8b
0x000000006b4e3e77:   6c 24 30 48 8b 5c 24 38 48 8b 74 24 40 48 83 c4 


Register to memory mapping:

RAX=